# JRE version: Java(TM) SE Runtime Environment (8.0_144-b01) (build 1.8.0_144-b01)
# Java VM: Java HotSpot(TM) 64-Bit Server VM (25.144-b01 mixed mode windows-amd64 compressed oops)
Heap:
 PSYoungGen      total 154112K, used 55283K [0x00000000d5f00000, 0x00000000dfb00000, 0x0000000100000000)
  eden space 148992K, 36% used [0x00000000d5f00000,0x00000000d944c640,0x00000000df080000)
  from space 5120K, 13% used [0x00000000df580000,0x00000000df6306e0,0x00000000dfa80000)
  to   space 5120K, 0% used [0x00000000df080000,0x00000000df080000,0x00000000df580000)
 ParOldGen       total 57344K, used 20111K [0x0000000081c00000, 0x0000000085400000, 0x00000000d5f00000)
  object space 57344K, 35% used [0x0000000081c00000,0x0000000082fa3fc8,0x0000000085400000)
 Metaspace       used 26796K, capacity 27168K, committed 27520K, reserved 1073152K
  class space    used 2987K, capacity 3109K, committed 3200K, reserved 1048576K
GC Heap History (10 events):
Event: 15.851 GC heap before
{Heap before GC invocations=31 (full 1):
 PSYoungGen      total 130560K, used 120927K [0x00000000d5f00000, 0x00000000dea00000, 0x0000000100000000)
  eden space 120320K, 99% used [0x00000000d5f00000,0x00000000dd47c8e8,0x00000000dd480000)
  from space 10240K, 6% used [0x00000000dd480000,0x00000000dd51b380,0x00000000dde80000)
  to   space 9216K, 0% used [0x00000000dde80000,0x00000000dde80000,0x00000000de780000)
 ParOldGen       total 57344K, used 20111K [0x0000000081c00000, 0x0000000085400000, 0x00000000d5f00000)
  object space 57344K, 35% used [0x0000000081c00000,0x0000000082fa3fc8,0x0000000085400000)
 Metaspace       used 26737K, capacity 27168K, committed 27520K, reserved 1073152K
  class space    used 2987K, capacity 3109K, committed 3200K, reserved 1048576K
Event: 15.865 GC heap after
Heap after GC invocations=31 (full 1):
 PSYoungGen      total 129536K, used 334K [0x00000000d5f00000, 0x00000000dea00000, 0x0000000100000000)
  eden space 120320K, 0% used [0x00000000d5f00000,0x00000000d5f00000,0x00000000dd480000)
  from space 9216K, 3% used [0x00000000dde80000,0x00000000dded3bb8,0x00000000de780000)
  to   space 10240K, 0% used [0x00000000dd480000,0x00000000dd480000,0x00000000dde80000)
 ParOldGen       total 57344K, used 20111K [0x0000000081c00000, 0x0000000085400000, 0x00000000d5f00000)
  object space 57344K, 35% used [0x0000000081c00000,0x0000000082fa3fc8,0x0000000085400000)
 Metaspace       used 26737K, capacity 27168K, committed 27520K, reserved 1073152K
  class space    used 2987K, capacity 3109K, committed 3200K, reserved 1048576K
}
Event: 15.893 GC heap before
{Heap before GC invocations=32 (full 1):
 PSYoungGen      total 129536K, used 120479K [0x00000000d5f00000, 0x00000000dea00000, 0x0000000100000000)
  eden space 120320K, 99% used [0x00000000d5f00000,0x00000000dd454120,0x00000000dd480000)
  from space 9216K, 3% used [0x00000000dde80000,0x00000000dded3bb8,0x00000000de780000)
  to   space 10240K, 0% used [0x00000000dd480000,0x00000000dd480000,0x00000000dde80000)
 ParOldGen       total 57344K, used 20111K [0x0000000081c00000, 0x0000000085400000, 0x00000000d5f00000)
  object space 57344K, 35% used [0x0000000081c00000,0x0000000082fa3fc8,0x0000000085400000)
 Metaspace       used 26737K, capacity 27168K, committed 27520K, reserved 1073152K
  class space    used 2987K, capacity 3109K, committed 3200K, reserved 1048576K
Event: 15.894 GC heap after
Heap after GC invocations=32 (full 1):
 PSYoungGen      total 130560K, used 344K [0x00000000d5f00000, 0x00000000dea00000, 0x0000000100000000)
  eden space 120320K, 0% used [0x00000000d5f00000,0x00000000d5f00000,0x00000000dd480000)
  from space 10240K, 3% used [0x00000000dd480000,0x00000000dd4d6268,0x00000000dde80000)
  to   space 9216K, 0% used [0x00000000dde80000,0x00000000dde80000,0x00000000de780000)
 ParOldGen       total 57344K, used 20111K [0x0000000081c00000, 0x0000000085400000, 0x00000000d5f00000)
  object space 57344K, 35% used [0x0000000081c00000,0x0000000082fa3fc8,0x0000000085400000)
 Metaspace       used 26737K, capacity 27168K, committed 27520K, reserved 1073152K
  class space    used 2987K, capacity 3109K, committed 3200K, reserved 1048576K
}
Event: 15.923 GC heap before
{Heap before GC invocations=33 (full 1):
 PSYoungGen      total 130560K, used 120599K [0x00000000d5f00000, 0x00000000dea00000, 0x0000000100000000)
  eden space 120320K, 99% used [0x00000000d5f00000,0x00000000dd46fb70,0x00000000dd480000)
  from space 10240K, 3% used [0x00000000dd480000,0x00000000dd4d6268,0x00000000dde80000)
  to   space 9216K, 0% used [0x00000000dde80000,0x00000000dde80000,0x00000000de780000)
 ParOldGen       total 57344K, used 20111K [0x0000000081c00000, 0x0000000085400000, 0x00000000d5f00000)
  object space 57344K, 35% used [0x0000000081c00000,0x0000000082fa3fc8,0x0000000085400000)
 Metaspace       used 26737K, capacity 27168K, committed 27520K, reserved 1073152K
  class space    used 2987K, capacity 3109K, committed 3200K, reserved 1048576K
Event: 15.925 GC heap after
Heap after GC invocations=33 (full 1):
 PSYoungGen      total 129536K, used 996K [0x00000000d5f00000, 0x00000000dea00000, 0x0000000100000000)
  eden space 120320K, 0% used [0x00000000d5f00000,0x00000000d5f00000,0x00000000dd480000)
  from space 9216K, 10% used [0x00000000dde80000,0x00000000ddf79108,0x00000000de780000)
  to   space 10240K, 0% used [0x00000000dd480000,0x00000000dd480000,0x00000000dde80000)
 ParOldGen       total 57344K, used 20111K [0x0000000081c00000, 0x0000000085400000, 0x00000000d5f00000)
  object space 57344K, 35% used [0x0000000081c00000,0x0000000082fa3fc8,0x0000000085400000)
 Metaspace       used 26737K, capacity 27168K, committed 27520K, reserved 1073152K
  class space    used 2987K, capacity 3109K, committed 3200K, reserved 1048576K
}
Event: 15.954 GC heap before
{Heap before GC invocations=34 (full 1):
 PSYoungGen      total 129536K, used 121249K [0x00000000d5f00000, 0x00000000dea00000, 0x0000000100000000)
  eden space 120320K, 99% used [0x00000000d5f00000,0x00000000dd46f3d8,0x00000000dd480000)
  from space 9216K, 10% used [0x00000000dde80000,0x00000000ddf79108,0x00000000de780000)
  to   space 10240K, 0% used [0x00000000dd480000,0x00000000dd480000,0x00000000dde80000)
 ParOldGen       total 57344K, used 20111K [0x0000000081c00000, 0x0000000085400000, 0x00000000d5f00000)
  object space 57344K, 35% used [0x0000000081c00000,0x0000000082fa3fc8,0x0000000085400000)
 Metaspace       used 26737K, capacity 27168K, committed 27520K, reserved 1073152K
  class space    used 2987K, capacity 3109K, committed 3200K, reserved 1048576K
Event: 15.955 GC heap after
Heap after GC invocations=34 (full 1):
 PSYoungGen      total 130560K, used 361K [0x00000000d5f00000, 0x00000000dfa80000, 0x0000000100000000)
  eden space 120320K, 0% used [0x00000000d5f00000,0x00000000d5f00000,0x00000000dd480000)
  from space 10240K, 3% used [0x00000000dd480000,0x00000000dd4da580,0x00000000dde80000)
  to   space 5120K, 0% used [0x00000000df580000,0x00000000df580000,0x00000000dfa80000)
 ParOldGen       total 57344K, used 20111K [0x0000000081c00000, 0x0000000085400000, 0x00000000d5f00000)
  object space 57344K, 35% used [0x0000000081c00000,0x0000000082fa3fc8,0x0000000085400000)
 Metaspace       used 26737K, capacity 27168K, committed 27520K, reserved 1073152K
  class space    used 2987K, capacity 3109K, committed 3200K, reserved 1048576K
}
Event: 15.986 GC heap before
{Heap before GC invocations=35 (full 1):
 PSYoungGen      total 130560K, used 120064K [0x00000000d5f00000, 0x00000000dfa80000, 0x0000000100000000)
  eden space 120320K, 99% used [0x00000000d5f00000,0x00000000dd3e5ce0,0x00000000dd480000)
  from space 10240K, 3% used [0x00000000dd480000,0x00000000dd4da580,0x00000000dde80000)
  to   space 5120K, 0% used [0x00000000df580000,0x00000000df580000,0x00000000dfa80000)
 ParOldGen       total 57344K, used 20111K [0x0000000081c00000, 0x0000000085400000, 0x00000000d5f00000)
  object space 57344K, 35% used [0x0000000081c00000,0x0000000082fa3fc8,0x0000000085400000)
 Metaspace       used 26737K, capacity 27168K, committed 27520K, reserved 1073152K
  class space    used 2987K, capacity 3109K, committed 3200K, reserved 1048576K
Event: 15.996 GC heap after
Heap after GC invocations=35 (full 1):
 PSYoungGen      total 154112K, used 705K [0x00000000d5f00000, 0x00000000dfb00000, 0x0000000100000000)
  eden space 148992K, 0% used [0x00000000d5f00000,0x00000000d5f00000,0x00000000df080000)
  from space 5120K, 13% used [0x00000000df580000,0x00000000df6306e0,0x00000000dfa80000)
  to   space 5120K, 0% used [0x00000000df080000,0x00000000df080000,0x00000000df580000)
 ParOldGen       total 57344K, used 20111K [0x0000000081c00000, 0x0000000085400000, 0x00000000d5f00000)
  object space 57344K, 35% used [0x0000000081c00000,0x0000000082fa3fc8,0x0000000085400000)
 Metaspace       used 26737K, capacity 27168K, committed 27520K, reserved 1073152K
  class space    used 2987K, capacity 3109K, committed 3200K, reserved 1048576K
}

