# JRE version: Java(TM) SE Runtime Environment (8.0_144-b01) (build 1.8.0_144-b01)
# Java VM: Java HotSpot(TM) 64-Bit Server VM (25.144-b01 mixed mode windows-amd64 compressed oops)
Heap:
 PSYoungGen      total 280064K, used 89476K [0x00000000d5f00000, 0x00000000e7780000, 0x0000000100000000)
  eden space 272896K, 32% used [0x00000000d5f00000,0x00000000db606d98,0x00000000e6980000)
  from space 7168K, 5% used [0x00000000e7000000,0x00000000e705a3d0,0x00000000e7700000)
  to   space 6656K, 0% used [0x00000000e6980000,0x00000000e6980000,0x00000000e7000000)
 ParOldGen       total 57856K, used 26022K [0x0000000081c00000, 0x0000000085480000, 0x00000000d5f00000)
  object space 57856K, 44% used [0x0000000081c00000,0x0000000083569b00,0x0000000085480000)
 Metaspace       used 26750K, capacity 27196K, committed 27520K, reserved 1073152K
  class space    used 3000K, capacity 3141K, committed 3200K, reserved 1048576K
GC Heap History (10 events):
Event: 11.609 GC heap before
{Heap before GC invocations=29 (full 1):
 PSYoungGen      total 236544K, used 229984K [0x00000000d5f00000, 0x00000000e7700000, 0x0000000100000000)
  eden space 229376K, 100% used [0x00000000d5f00000,0x00000000e3f00000,0x00000000e3f00000)
  from space 7168K, 8% used [0x00000000e3f00000,0x00000000e3f98000,0x00000000e4600000)
  to   space 7168K, 0% used [0x00000000e7000000,0x00000000e7000000,0x00000000e7700000)
 ParOldGen       total 57856K, used 22474K [0x0000000081c00000, 0x0000000085480000, 0x00000000d5f00000)
  object space 57856K, 38% used [0x0000000081c00000,0x00000000831f2840,0x0000000085480000)
 Metaspace       used 26694K, capacity 27068K, committed 27264K, reserved 1073152K
  class space    used 2999K, capacity 3141K, committed 3200K, reserved 1048576K
Event: 11.612 GC heap after
Heap after GC invocations=29 (full 1):
 PSYoungGen      total 280064K, used 1652K [0x00000000d5f00000, 0x00000000e7780000, 0x0000000100000000)
  eden space 272896K, 0% used [0x00000000d5f00000,0x00000000d5f00000,0x00000000e6980000)
  from space 7168K, 23% used [0x00000000e7000000,0x00000000e719d3f0,0x00000000e7700000)
  to   space 6656K, 0% used [0x00000000e6980000,0x00000000e6980000,0x00000000e7000000)
 ParOldGen       total 57856K, used 22810K [0x0000000081c00000, 0x0000000085480000, 0x00000000d5f00000)
  object space 57856K, 39% used [0x0000000081c00000,0x0000000083246840,0x0000000085480000)
 Metaspace       used 26694K, capacity 27068K, committed 27264K, reserved 1073152K
  class space    used 2999K, capacity 3141K, committed 3200K, reserved 1048576K
}
Event: 11.673 GC heap before
{Heap before GC invocations=30 (full 1):
 PSYoungGen      total 280064K, used 274487K [0x00000000d5f00000, 0x00000000e7780000, 0x0000000100000000)
  eden space 272896K, 99% used [0x00000000d5f00000,0x00000000e69709e8,0x00000000e6980000)
  from space 7168K, 23% used [0x00000000e7000000,0x00000000e719d3f0,0x00000000e7700000)
  to   space 6656K, 0% used [0x00000000e6980000,0x00000000e6980000,0x00000000e7000000)
 ParOldGen       total 57856K, used 22810K [0x0000000081c00000, 0x0000000085480000, 0x00000000d5f00000)
  object space 57856K, 39% used [0x0000000081c00000,0x0000000083246840,0x0000000085480000)
 Metaspace       used 26694K, capacity 27068K, committed 27264K, reserved 1073152K
  class space    used 2999K, capacity 3141K, committed 3200K, reserved 1048576K
Event: 11.675 GC heap after
Heap after GC invocations=30 (full 1):
 PSYoungGen      total 279552K, used 352K [0x00000000d5f00000, 0x00000000e7780000, 0x0000000100000000)
  eden space 272896K, 0% used [0x00000000d5f00000,0x00000000d5f00000,0x00000000e6980000)
  from space 6656K, 5% used [0x00000000e6980000,0x00000000e69d8140,0x00000000e7000000)
  to   space 7168K, 0% used [0x00000000e7000000,0x00000000e7000000,0x00000000e7700000)
 ParOldGen       total 57856K, used 24147K [0x0000000081c00000, 0x0000000085480000, 0x00000000d5f00000)
  object space 57856K, 41% used [0x0000000081c00000,0x0000000083394f18,0x0000000085480000)
 Metaspace       used 26694K, capacity 27068K, committed 27264K, reserved 1073152K
  class space    used 2999K, capacity 3141K, committed 3200K, reserved 1048576K
}
Event: 12.068 GC heap before
{Heap before GC invocations=31 (full 1):
 PSYoungGen      total 279552K, used 273248K [0x00000000d5f00000, 0x00000000e7780000, 0x0000000100000000)
  eden space 272896K, 100% used [0x00000000d5f00000,0x00000000e6980000,0x00000000e6980000)
  from space 6656K, 5% used [0x00000000e6980000,0x00000000e69d8140,0x00000000e7000000)
  to   space 7168K, 0% used [0x00000000e7000000,0x00000000e7000000,0x00000000e7700000)
 ParOldGen       total 57856K, used 24147K [0x0000000081c00000, 0x0000000085480000, 0x00000000d5f00000)
  object space 57856K, 41% used [0x0000000081c00000,0x0000000083394f18,0x0000000085480000)
 Metaspace       used 26723K, capacity 27132K, committed 27264K, reserved 1073152K
  class space    used 2999K, capacity 3141K, committed 3200K, reserved 1048576K
Event: 12.074 GC heap after
Heap after GC invocations=31 (full 1):
 PSYoungGen      total 280064K, used 2021K [0x00000000d5f00000, 0x00000000e7780000, 0x0000000100000000)
  eden space 272896K, 0% used [0x00000000d5f00000,0x00000000d5f00000,0x00000000e6980000)
  from space 7168K, 28% used [0x00000000e7000000,0x00000000e71f9478,0x00000000e7700000)
  to   space 6656K, 0% used [0x00000000e6980000,0x00000000e6980000,0x00000000e7000000)
 ParOldGen       total 57856K, used 24147K [0x0000000081c00000, 0x0000000085480000, 0x00000000d5f00000)
  object space 57856K, 41% used [0x0000000081c00000,0x0000000083394f18,0x0000000085480000)
 Metaspace       used 26723K, capacity 27132K, committed 27264K, reserved 1073152K
  class space    used 2999K, capacity 3141K, committed 3200K, reserved 1048576K
}
Event: 12.119 GC heap before
{Heap before GC invocations=32 (full 1):
 PSYoungGen      total 280064K, used 274917K [0x00000000d5f00000, 0x00000000e7780000, 0x0000000100000000)
  eden space 272896K, 100% used [0x00000000d5f00000,0x00000000e6980000,0x00000000e6980000)
  from space 7168K, 28% used [0x00000000e7000000,0x00000000e71f9478,0x00000000e7700000)
  to   space 6656K, 0% used [0x00000000e6980000,0x00000000e6980000,0x00000000e7000000)
 ParOldGen       total 57856K, used 24147K [0x0000000081c00000, 0x0000000085480000, 0x00000000d5f00000)
  object space 57856K, 41% used [0x0000000081c00000,0x0000000083394f18,0x0000000085480000)
 Metaspace       used 26723K, capacity 27132K, committed 27264K, reserved 1073152K
  class space    used 2999K, capacity 3141K, committed 3200K, reserved 1048576K
Event: 12.122 GC heap after
Heap after GC invocations=32 (full 1):
 PSYoungGen      total 279552K, used 138K [0x00000000d5f00000, 0x00000000e7780000, 0x0000000100000000)
  eden space 272896K, 0% used [0x00000000d5f00000,0x00000000d5f00000,0x00000000e6980000)
  from space 6656K, 2% used [0x00000000e6980000,0x00000000e69a29e0,0x00000000e7000000)
  to   space 7168K, 0% used [0x00000000e7000000,0x00000000e7000000,0x00000000e7700000)
 ParOldGen       total 57856K, used 26022K [0x0000000081c00000, 0x0000000085480000, 0x00000000d5f00000)
  object space 57856K, 44% used [0x0000000081c00000,0x0000000083569b00,0x0000000085480000)
 Metaspace       used 26723K, capacity 27132K, committed 27264K, reserved 1073152K
  class space    used 2999K, capacity 3141K, committed 3200K, reserved 1048576K
}
Event: 12.176 GC heap before
{Heap before GC invocations=33 (full 1):
 PSYoungGen      total 279552K, used 272996K [0x00000000d5f00000, 0x00000000e7780000, 0x0000000100000000)
  eden space 272896K, 99% used [0x00000000d5f00000,0x00000000e69767d8,0x00000000e6980000)
  from space 6656K, 2% used [0x00000000e6980000,0x00000000e69a29e0,0x00000000e7000000)
  to   space 7168K, 0% used [0x00000000e7000000,0x00000000e7000000,0x00000000e7700000)
 ParOldGen       total 57856K, used 26022K [0x0000000081c00000, 0x0000000085480000, 0x00000000d5f00000)
  object space 57856K, 44% used [0x0000000081c00000,0x0000000083569b00,0x0000000085480000)
 Metaspace       used 26723K, capacity 27132K, committed 27264K, reserved 1073152K
  class space    used 2999K, capacity 3141K, committed 3200K, reserved 1048576K
Event: 12.179 GC heap after
Heap after GC invocations=33 (full 1):
 PSYoungGen      total 280064K, used 360K [0x00000000d5f00000, 0x00000000e7780000, 0x0000000100000000)
  eden space 272896K, 0% used [0x00000000d5f00000,0x00000000d5f00000,0x00000000e6980000)
  from space 7168K, 5% used [0x00000000e7000000,0x00000000e705a3d0,0x00000000e7700000)
  to   space 6656K, 0% used [0x00000000e6980000,0x00000000e6980000,0x00000000e7000000)
 ParOldGen       total 57856K, used 26022K [0x0000000081c00000, 0x0000000085480000, 0x00000000d5f00000)
  object space 57856K, 44% used [0x0000000081c00000,0x0000000083569b00,0x0000000085480000)
 Metaspace       used 26723K, capacity 27132K, committed 27264K, reserved 1073152K
  class space    used 2999K, capacity 3141K, committed 3200K, reserved 1048576K
}

